2025-03-12T19:08:49.705Z [info]: Incoming POST : /User
2025-03-12T19:09:11.660Z [info]: Incoming POST : /user
2025-03-12T19:10:05.095Z [info]: Incoming POST : /user
2025-03-12T19:10:15.487Z [info]: Incoming GET : /user
2025-03-12T19:19:24.172Z [info]: Incoming GET : /user
2025-03-12T19:19:27.844Z [info]: Incoming POST : /user
2025-03-12T19:23:33.540Z [info]: Incoming GET : /user
2025-03-12T19:25:50.497Z [info]: Incoming POST : /user
2025-03-12T19:27:17.524Z [info]: Incoming POST : /users
2025-03-12T19:28:08.167Z [info]: Incoming POST : /users
2025-03-12T19:28:47.985Z [info]: Incoming POST : /users
2025-03-12T19:29:43.635Z [info]: Incoming POST : /users
2025-03-12T19:31:20.036Z [info]: Incoming POST : /users
2025-03-12T19:31:32.576Z [info]: Incoming POST : /users
2025-03-12T19:33:28.156Z [info]: Incoming GET : /users
2025-03-12T19:41:29.976Z [info]: Incoming GET : /users
2025-03-12T19:41:33.949Z [info]: Incoming POST : /users
2025-03-12T19:43:46.854Z [info]: Incoming POST : /users
2025-03-12T19:47:45.288Z [info]: Incoming POST : /users
2025-03-12T19:47:52.044Z [info]: Incoming GET : /users
2025-03-12T19:51:54.188Z [info]: Incoming GET : /users
2025-03-12T19:51:58.436Z [info]: Incoming POST : /users
2025-03-12T19:52:46.995Z [info]: Incoming GET : /users
2025-03-12T19:53:34.065Z [info]: Incoming GET : /users
2025-03-12T19:55:12.118Z [info]: Incoming GET : /users
2025-03-12T19:55:16.024Z [info]: Incoming POST : /users
2025-03-12T19:55:46.692Z [info]: Incoming POST : /
2025-03-12T19:55:58.374Z [info]: Incoming GET : /
2025-03-12T19:56:25.842Z [info]: Incoming GET : /users/
2025-03-12T19:57:19.674Z [info]: Get request made: [object Object]
2025-03-12T20:00:50.709Z [info]: Get request made: [object Object]
2025-03-12T21:53:21.415Z [info]: [object Object]
2025-03-12T21:58:32.381Z [info]: id: 1dd774f0-41a2-40fc-b816-cbaa3e02fd6d, email: test@test.com
2025-03-13T00:17:48.580Z [info]: Get request made: [object Object]
2025-03-13T00:24:43.279Z [info]: Get request made: function header(name) {
  if (!name) {
    throw new TypeError('name argument is required to req.get');
  }

  if (typeof name !== 'string') {
    throw new TypeError('name must be a string to req.get');
  }

  var lc = name.toLowerCase();

  switch (lc) {
    case 'referer':
    case 'referrer':
      return this.headers.referrer
        || this.headers.referer;
    default:
      return this.headers[lc];
  }
}
2025-03-13T00:27:51.122Z [info]: Get request made: function header(name) {
  if (!name) {
    throw new TypeError('name argument is required to req.get');
  }

  if (typeof name !== 'string') {
    throw new TypeError('name must be a string to req.get');
  }

  var lc = name.toLowerCase();

  switch (lc) {
    case 'referer':
    case 'referrer':
      return this.headers.referrer
        || this.headers.referer;
    default:
      return this.headers[lc];
  }
}
2025-03-13T00:31:24.887Z [info]: Get request made: function header(name) {
  if (!name) {
    throw new TypeError('name argument is required to req.get');
  }

  if (typeof name !== 'string') {
    throw new TypeError('name must be a string to req.get');
  }

  var lc = name.toLowerCase();

  switch (lc) {
    case 'referer':
    case 'referrer':
      return this.headers.referrer
        || this.headers.referer;
    default:
      return this.headers[lc];
  }
}
2025-03-13T00:32:39.317Z [info]: Get request made: function header(name) {
  if (!name) {
    throw new TypeError('name argument is required to req.get');
  }

  if (typeof name !== 'string') {
    throw new TypeError('name must be a string to req.get');
  }

  var lc = name.toLowerCase();

  switch (lc) {
    case 'referer':
    case 'referrer':
      return this.headers.referrer
        || this.headers.referer;
    default:
      return this.headers[lc];
  }
}
2025-03-13T00:38:12.403Z [info]: Incoming GET : /users/9ac03b52-5769-41fc-acb0-1a9c4664838d
2025-03-13T00:39:29.839Z [info]: Incoming GET : /users/9ac03b52-5769-41fc-acb0-1a9c4664838d
2025-03-13T00:40:26.906Z [info]: Incoming GET : /users/9ac03b52-5769-41fc-acb0-1a9c4664838d
2025-03-13T00:40:58.147Z [info]: Incoming GET : /users/9ac03b52-5769-41fc-acb0-1a9c4664838d
2025-03-13T00:46:26.931Z [info]: Get request made: function header(name) {
  if (!name) {
    throw new TypeError('name argument is required to req.get');
  }

  if (typeof name !== 'string') {
    throw new TypeError('name must be a string to req.get');
  }

  var lc = name.toLowerCase();

  switch (lc) {
    case 'referer':
    case 'referrer':
      return this.headers.referrer
        || this.headers.referer;
    default:
      return this.headers[lc];
  }
}
2025-03-13T01:20:53.842Z [info]: Get request made: 9ac03b52-5769-41fc-acb0-1a9c4664838d
2025-03-13T01:22:23.079Z [info]: Get request made: id = 9ac03b52-5769-41fc-acb0-1a9c4664838d
2025-03-13T01:25:07.360Z [info]: Get request made: id = 9ac03b52-5769-41fc-acb0-1a9c4664838d
2025-03-13T01:25:07.454Z [info]: Incoming GET : /favicon.ico
2025-03-13T01:25:36.293Z [info]: Get request made: id = 9ac03b52-5769-41fc-acb0-1a9c4664838d
2025-03-13T01:28:23.599Z [info]: Get request made: id = 9ac03b52-5769-41fc-acb0-1a9c4664838d
2025-03-13T01:31:17.748Z [info]: Get request made: id = 9ac03b52-5769-41fc-acb0-1a9c4664838d
2025-03-13T01:33:50.985Z [info]: Get request made: [object Object]
2025-03-13T01:33:57.462Z [info]: Get request made: [object Object]
2025-03-13T01:35:26.846Z [info]: Get request made: [object Object]
2025-03-13T01:35:39.940Z [info]: Get request made: id = 9ac03b52-5769-41fc-acb0-1a9c4664838d
2025-03-13T01:37:51.972Z [info]: Get request made: id = 9ac03b52-5769-41fc-acb0-1a9c4664838d
2025-03-13T01:47:44.161Z [info]: Get request made: id = 9ac03b52-5769-41fc-acb0-1a9c4664838d
2025-03-13T01:56:28.746Z [info]: Delete request made: id = 9ac03b52-5769-41fc-acb0-1a9c4664838d
2025-03-14T00:18:58.127Z [info]: Get request made: id = 69b00300-e44f-4755-95d3-68a72246665f
2025-03-14T01:51:00.779Z [info]: Get request made: id = managerstatus
2025-03-14T02:43:38.590Z [info]: Get request made: id = username
2025-03-14T02:44:55.657Z [info]: Get request made: id = username
2025-03-14T02:46:14.354Z [info]: Get request made: id = username
2025-03-14T02:47:22.016Z [info]: Get request made: id = username
2025-03-14T02:48:04.739Z [info]: Get request made: id = username
2025-03-14T02:49:56.642Z [info]: Get request made: id = testuser
2025-03-14T02:52:17.298Z [info]: Get request made: id = testuser
2025-03-14T02:54:32.779Z [info]: Get request made: id = testuser
2025-03-14T02:57:13.462Z [info]: Get request made: user = [object Object]
2025-03-14T02:59:58.728Z [info]: Get request made: user = [object Object]
2025-03-14T03:01:58.371Z [info]: Get request made: user = [object Object]
2025-03-14T03:11:50.915Z [info]: Get request made: user = [object Object]
2025-03-14T03:26:28.679Z [info]: Get request made: user = [object Object]
2025-03-14T03:27:43.991Z [info]: Get request made: user = undefined
2025-03-14T03:28:35.672Z [info]: Get request made: username = testuser
2025-03-14T03:30:17.327Z [info]: Get request made: username = undefined
2025-03-14T03:31:03.606Z [info]: Get request made: username = testuser
2025-03-14T03:31:38.165Z [info]: Get request made: username = testuser
2025-03-14T22:00:13.019Z [info]: Get request made: username = testuser
2025-03-14T22:01:00.741Z [info]: Get request made: username = testuser
2025-03-14T22:01:46.369Z [info]: Get request made: username = testuser
2025-03-14T22:02:17.065Z [info]: Get request made: username = testuser
2025-03-14T22:05:53.520Z [info]: Get request made: username = testuser
2025-03-15T01:39:24.194Z [info]: Get request made: [object Object]
2025-03-15T01:40:17.354Z [info]: username: testuser
2025-03-15T01:41:03.889Z [info]: username: testuser
2025-03-15T01:41:46.946Z [info]: username: testuser1
2025-03-15T01:44:33.507Z [info]: username: testuser1
2025-03-15T01:45:23.555Z [info]: username: testuser1
2025-03-15T01:45:50.606Z [info]: username: testuser1
2025-03-15T01:46:24.681Z [info]: username: testuser2
2025-03-15T02:14:22.965Z [info]: user: testuser2 was created
2025-03-15T02:14:34.455Z [info]: user: testuser2 was created
2025-03-15T02:16:08.753Z [info]: user: testuser2 was created
2025-03-15T02:16:43.701Z [info]: user: testuser2 was created
2025-03-15T02:18:21.546Z [info]: user: [object Object] was created
2025-03-15T02:23:14.452Z [info]: user: [object Object] was created
2025-03-15T02:24:43.982Z [info]: user: [object Object] was created
2025-03-15T02:28:36.166Z [info]: user: [object Object] was created
2025-03-15T03:04:56.139Z [info]: user: [object Object] was created
2025-03-16T00:08:56.145Z [info]: Incoming GET : /protected
2025-03-16T00:08:56.146Z [error]: err is not defined
2025-03-16T00:10:48.226Z [info]: Incoming GET : /protected
2025-03-16T00:10:48.227Z [error]: err is not defined
2025-03-16T00:11:04.201Z [info]: Incoming GET : /protected
2025-03-16T00:11:04.201Z [error]: err is not defined
2025-03-16T00:11:14.398Z [info]: Incoming GET : /protected
2025-03-16T00:11:22.862Z [info]: Incoming GET : /protected
2025-03-16T00:11:22.863Z [error]: err is not defined
2025-03-16T00:11:30.805Z [info]: Incoming GET : /protected
2025-03-16T00:11:30.805Z [error]: err is not defined
2025-03-16T00:11:34.873Z [info]: Incoming GET : /protected
2025-03-16T00:11:34.874Z [error]: err is not defined
2025-03-16T00:11:38.159Z [info]: Incoming GET : /protected
2025-03-16T00:11:38.160Z [error]: err is not defined
2025-03-16T00:11:41.870Z [info]: Incoming GET : /protected
2025-03-16T00:11:41.870Z [error]: err is not defined
2025-03-16T00:24:49.079Z [info]: Incoming GET : /protected
2025-03-16T00:24:49.079Z [error]: err is not defined
2025-03-16T00:37:01.369Z [info]: Incoming GET : /protected
2025-03-16T00:37:01.370Z [error]: err is not defined
2025-03-16T00:41:15.095Z [info]: Incoming GET : /protected
2025-03-16T00:41:15.098Z [error]: err is not defined
2025-03-16T00:41:19.054Z [info]: Incoming GET : /protected
2025-03-16T01:45:05.041Z [info]: Incoming GET : /protected
2025-03-16T01:45:09.880Z [info]: Incoming GET : /protected
2025-03-16T01:45:43.138Z [info]: Incoming GET : /protected
2025-03-16T01:46:24.197Z [info]: Incoming POST : /login
2025-03-16T01:47:17.866Z [info]: Incoming POST : /login
2025-03-16T01:47:46.674Z [info]: Incoming POST : /login
2025-03-16T01:48:51.738Z [info]: Incoming POST : /login
2025-03-16T01:49:08.582Z [info]: Incoming POST : /login
2025-03-16T01:50:17.059Z [info]: Incoming POST : /login
2025-03-16T01:50:23.531Z [info]: Incoming GET : /login
2025-03-16T01:50:37.838Z [info]: Incoming GET : /protected
2025-03-16T01:53:57.193Z [info]: Incoming POST : /login
2025-03-16T01:56:17.485Z [info]: Incoming POST : /login
2025-03-16T01:56:27.201Z [info]: Incoming GET : /protected
2025-03-16T01:56:31.569Z [info]: Incoming GET : /protected
2025-03-16T01:56:54.847Z [info]: Incoming POST : /
2025-03-16T01:56:59.399Z [info]: Incoming GET : /
2025-03-16T01:57:04.319Z [info]: Incoming GET : /
2025-03-16T01:57:41.399Z [info]: Get request made: [object Object]
2025-03-16T01:58:09.987Z [info]: Get request made: id = login
2025-03-16T01:59:26.146Z [info]: Get request made: id = login
2025-03-16T02:00:16.720Z [info]: Get request made: id = login
2025-03-16T02:02:28.007Z [info]: Incoming GET : /protected
2025-03-16T02:02:34.355Z [info]: Incoming GET : /protected
2025-03-16T02:02:47.695Z [info]: Incoming GET : /protected
2025-03-16T02:03:36.003Z [info]: Incoming GET : /protected
2025-03-16T02:03:46.394Z [info]: Incoming GET : /protected
2025-03-16T02:04:04.117Z [info]: Incoming GET : /protected
2025-03-16T02:04:18.880Z [info]: Incoming GET : /protected
2025-03-16T02:05:23.282Z [info]: Incoming GET : /protected
2025-03-16T02:05:27.424Z [info]: Incoming GET : /protected
2025-03-16T02:05:36.810Z [info]: Incoming GET : /protected
2025-03-16T02:06:12.165Z [info]: Incoming GET : /protected
2025-03-16T02:06:14.809Z [info]: Incoming GET : /protected
2025-03-16T02:18:21.302Z [info]: Incoming GET : /protected
2025-03-16T02:18:30.575Z [info]: Incoming GET : /protected
2025-03-16T02:19:21.975Z [info]: Incoming GET : /protected
2025-03-16T02:19:27.215Z [info]: Incoming GET : /protected
2025-03-16T02:21:29.491Z [info]: Incoming GET : /protected
2025-03-16T02:21:32.720Z [info]: Incoming GET : /protected
2025-03-16T02:29:12.008Z [info]: Incoming GET : /protected
2025-03-16T02:29:23.160Z [info]: Incoming GET : /protected
2025-03-16T02:29:47.509Z [info]: Incoming GET : /protected
2025-03-16T02:29:56.536Z [info]: Incoming GET : /protected
2025-03-16T02:30:02.891Z [info]: Incoming GET : /protected
2025-03-16T02:38:09.018Z [info]: Incoming GET : /protected
2025-03-16T02:38:12.456Z [info]: Incoming GET : /protected
2025-03-16T02:38:28.315Z [info]: Incoming GET : /protected
2025-03-16T02:53:59.037Z [info]: Incoming GET : /protected
2025-03-16T02:54:34.146Z [info]: Incoming GET : /protected
2025-03-16T02:54:53.039Z [info]: Incoming GET : /protected
2025-03-16T02:56:53.396Z [info]: Incoming GET : /protected
2025-03-16T02:56:58.716Z [info]: Incoming GET : /protected
2025-03-16T02:57:07.632Z [info]: Incoming GET : /protected
2025-03-16T02:59:32.660Z [info]: Incoming GET : /protected
2025-03-16T03:00:57.333Z [info]: Incoming GET : /protected
2025-03-16T03:02:12.755Z [info]: Incoming GET : /protected
2025-03-16T03:02:43.753Z [info]: Incoming GET : /protected
2025-03-16T03:02:54.046Z [info]: Incoming GET : /protected
2025-03-16T03:03:22.513Z [info]: Incoming GET : /protected
2025-03-16T03:03:49.626Z [info]: Incoming GET : /protected
2025-03-16T03:03:55.922Z [info]: Incoming GET : /protected
2025-03-16T03:04:04.161Z [info]: Incoming GET : /protected
2025-03-16T03:04:09.567Z [info]: Incoming GET : /protected
2025-03-16T03:08:36.293Z [info]: Incoming GET : /protected
2025-03-16T03:09:22.465Z [info]: Incoming GET : /protected
2025-03-16T03:09:27.341Z [info]: Incoming GET : /protected
2025-03-16T03:12:08.879Z [info]: Incoming GET : /protected
2025-03-16T03:12:55.762Z [info]: Incoming GET : /protected
2025-03-16T03:13:36.936Z [info]: Incoming GET : /protected
2025-03-16T03:13:42.986Z [info]: Incoming GET : /protected
2025-03-16T03:13:48.340Z [info]: Incoming GET : /protected
2025-03-16T03:14:12.079Z [info]: Incoming GET : /protected
2025-03-16T03:14:33.891Z [info]: Incoming GET : /protected
2025-03-16T03:14:37.670Z [info]: Incoming GET : /protected
2025-03-16T03:14:58.087Z [info]: Incoming GET : /protected
2025-03-16T03:15:27.328Z [info]: Incoming GET : /protected
2025-03-16T03:15:35.092Z [info]: Incoming GET : /protected
2025-03-16T03:16:22.063Z [info]: Incoming GET : /protected
2025-03-16T03:16:31.844Z [info]: Incoming GET : /protected
2025-03-16T03:16:36.311Z [info]: Incoming GET : /protected
2025-03-16T03:16:40.782Z [info]: Incoming GET : /protected
2025-03-16T03:16:46.304Z [info]: Incoming GET : /protected
2025-03-16T03:17:00.354Z [info]: Incoming GET : /protected
2025-03-16T03:17:11.297Z [info]: Incoming GET : /protected
2025-03-16T03:20:25.951Z [info]: Incoming GET : /protected
2025-03-16T03:21:18.936Z [info]: Incoming GET : /protected
2025-03-16T03:21:22.792Z [info]: Incoming GET : /protected
2025-03-16T03:21:24.015Z [info]: Incoming GET : /protected
2025-03-16T03:21:28.590Z [info]: Incoming GET : /protected
2025-03-16T17:10:38.094Z [info]: Incoming GET : /protected
2025-03-16T17:11:11.905Z [info]: Incoming GET : /protected
2025-03-16T17:11:49.905Z [info]: Incoming GET : /protected
2025-03-16T17:20:06.960Z [info]: Incoming PUT : /users/login
2025-03-16T17:44:15.650Z [info]: Delete request made: id = fbf0754f-7272-4313-bfc0-9b821ececafb
2025-03-16T17:44:52.755Z [info]: Delete request made: id = fbf0754f-7272-4313-bfc0-9b821ececafb
2025-03-16T18:11:33.968Z [info]: Delete request made: id = fbf0754f-7272-4313-bfc0-9b821ececafb
2025-03-16T18:13:33.984Z [info]: Delete request made: id = fbf0754f-7272-4313-bfc0-9b821ececafb
2025-03-16T18:15:42.102Z [info]: Delete request made: id = fbf0754f-7272-4313-bfc0-9b821ececafb
2025-03-16T18:17:20.532Z [info]: Delete request made: id = fbf0754f-7272-4313-bfc0-9b821ececafb
2025-03-16T18:18:41.947Z [info]: Delete request made: id = fbf0754f-7272-4313-bfc0-9b821ececafb
2025-03-16T18:19:06.528Z [info]: Delete request made: id = fbf0754f-7272-4313-bfc0-9b821ececafb
2025-03-16T18:19:55.651Z [info]: Delete request made: id = fbf0754f-7272-4313-bfc0-9b821ececafb
2025-03-16T18:20:44.277Z [info]: Delete request made: id = de9de599-817f-462f-93ea-c4e5b282df3c
2025-03-16T18:45:48.026Z [info]: user: [object Object] was created
2025-03-16T19:11:01.839Z [info]: Incoming GET : /protected
2025-03-16T22:45:06.692Z [info]: user: [object Object] was created
2025-03-16T22:45:41.401Z [info]: Incoming GET : /protected
2025-03-16T22:45:48.238Z [info]: Incoming GET : /protected
2025-03-16T22:48:17.088Z [info]: Incoming GET : /
2025-03-16T22:48:23.608Z [info]: Get request made: [object Object]
2025-03-16T22:48:59.174Z [info]: Get request made: id = 5b88b918-444f-478c-aa5d-4c58582e78cf
2025-03-16T22:50:18.362Z [info]: Get request made: id = b605f0b2-a1ef-4e29-9586-874e3210fa22
2025-03-16T22:50:56.687Z [info]: Get request made: username = b605f0b2-a1ef-4e29-9586-874e3210fa22
2025-03-16T22:51:04.224Z [info]: Get request made: username = steven12
2025-03-16T22:51:13.161Z [info]: Get request made: username = testuser
2025-03-16T23:10:17.335Z [info]: Delete request made: id = 5b88b918-444f-478c-aa5d-4c58582e78cf
2025-03-16T23:10:31.227Z [info]: Delete request made: id = 5b88b918-444f-478c-aa5d-4c58582e78cf
2025-03-17T00:07:28.372Z [info]: user: [object Object] was created
2025-03-17T00:07:57.037Z [info]: Get request made: id = login
2025-03-17T00:08:06.455Z [info]: Get request made: id = login
2025-03-17T00:09:24.418Z [info]: Incoming POST : /protected
2025-03-17T00:09:31.912Z [info]: Incoming GET : /protected
2025-03-17T00:09:43.949Z [info]: Get request made: [object Object]
2025-03-17T00:19:37.908Z [info]: Delete request made: id = e5b7e83f-634f-4991-834f-0b0963ceb75e
2025-03-17T00:24:42.712Z [info]: Delete request made: id = 5b88b918-444f-478c-aa5d-4c58582e78cf
2025-03-17T00:25:15.628Z [info]: Delete request made: id = 5435ce81-3651-44fc-943c-7e3d45e0957d
2025-03-17T00:25:17.644Z [info]: Delete request made: id = 5435ce81-3651-44fc-943c-7e3d45e0957d
2025-03-17T00:25:29.311Z [info]: Delete request made: id = 9e0cb0c7-13c7-4f71-9bcb-ddc5a32754f3
2025-03-17T00:25:37.994Z [info]: Delete request made: id = f30a3562-bd4a-4601-ac4c-3ca3ee2939d9
2025-03-17T00:25:53.407Z [info]: Delete request made: id = 69b00300-e44f-4755-95d3-68a72246665f
2025-03-17T01:24:44.300Z [info]: Get request made: id = steven12
2025-03-17T01:25:30.646Z [info]: Get request made: username = steven12
2025-03-17T01:25:53.921Z [info]: Get request made: id = 895516b5-c50a-45db-9197-9c899ab7179b
2025-03-17T01:47:04.776Z [info]: Get request made: id = 895516b5-c50a-45db-9197-9c899ab7179b
2025-03-17T01:48:08.934Z [info]: Incoming PUT : /users/69b00300-e44f-4755-95d3-68a72246665f
2025-03-17T02:03:52.126Z [info]: Incoming POST : /users/username/steven12
2025-03-17T02:04:36.407Z [info]: Get request made: username = steven12
2025-03-17T02:04:44.118Z [info]: Get request made: id = login
2025-03-17T02:05:18.897Z [info]: Get request made: id = steven12
2025-03-17T02:05:33.880Z [info]: Get request made: id = 895516b5-c50a-45db-9197-9c899ab7179b
2025-03-17T02:05:49.970Z [info]: Get request made: username = steven12
2025-03-17T02:06:55.966Z [info]: user: [object Object] was created
2025-03-17T02:09:45.538Z [info]: user: [object Object] was created
